#  aims_uuid : 5346E617-E8FF-4122-A935-621662E1248C                                

Atom number     1:


  Spin channel: up

    State       eigenvalue  occ.number       total         l=0         l=1         l=2         l=3

k point number:     1: (   0.00000000   0.00000000   0.00000000 ); weight:   1.00000000

        1      -7054.17941   1.0000000     1.00000     1.00000     0.00000     0.00000    -0.00000
        2       -816.65370   1.0000000     0.99999     0.99999     0.00000     0.00000    -0.00000
        3       -695.42948   1.0000000     1.00000     0.00000     1.00000     0.00000     0.00000
        4       -695.42947   1.0000000     1.00000     0.00000     1.00000     0.00000     0.00000
        5       -695.01051   1.0000000     1.00001     0.00000     1.00001     0.00000    -0.00000
        6       -512.29926   1.0000000     0.00001     0.00000     0.00000     0.00001     0.00000
        7       -271.37164   1.0000000     0.00001    -0.00001    -0.00000     0.00002     0.00000
        8        -89.73589   1.0000000     0.99859     0.99859     0.00000     0.00000     0.00000
        9        -55.92139   1.0000000     0.99838     0.00003     0.99830     0.00004     0.00001
       10        -55.90367   1.0000000     1.00046     0.00000     1.00045     0.00000     0.00001
       11        -55.90367   1.0000000     1.00046     0.00000     1.00045     0.00000     0.00001
       12        -27.35365   1.0000000    -0.00094    -0.00304    -0.00016     0.00223     0.00002
       13        -13.37898   1.0000000     0.05939     0.01387     0.00863     0.03614     0.00075
       14        -10.53485   1.0000000     0.20097     0.08359     0.01984     0.09659     0.00096
       15        -10.35020   1.0000000     0.02841     0.00000     0.00404     0.02337     0.00100
       16        -10.35020   1.0000000     0.02841     0.00000     0.00404     0.02337     0.00100
       17         -5.03736   1.0000000     0.76292     0.00000     0.00195     0.76070     0.00027
       18         -5.03736   1.0000000     0.76292     0.00000     0.00195     0.76070     0.00027
       19         -4.22285   0.9967654     1.02853     0.58216     0.00300     0.44344    -0.00008
       20         -4.02359   0.0017901     0.99888     0.00000     0.00000     0.99887     0.00001
       21         -4.02124   0.0014445     0.99888     0.00000     0.00000     0.99887     0.00001
       22         -2.27557   0.0000000     0.85011     0.32898     0.17067     0.35104    -0.00059
       23         -1.61614   0.0000000     0.32557     0.00000     0.14395     0.18014     0.00148
       24         -1.61614   0.0000000     0.32557     0.00000     0.14395     0.18014     0.00148
       25          3.91240   0.0000000     0.72930     0.00000     0.50966     0.21656     0.00307
       26          3.91240   0.0000000     0.72930     0.00000     0.50966     0.21656     0.00307
       27          4.18644   0.0000000     0.07896     0.00023    -0.03104     0.10952     0.00025
       28          6.73729   0.0000000     0.96096     0.30050     0.13057     0.52790     0.00199
       29          7.86573   0.0000000     0.51568     0.33033    -0.00353     0.19028    -0.00141
       30          7.92460   0.0000000     0.98637     0.00000    -0.00000     0.98635     0.00001
       31          7.92585   0.0000000     0.98636     0.00000    -0.00000     0.98635     0.00001
       32          8.26388   0.0000000     0.20886     0.00000     0.00555     0.20010     0.00320

  Spin channel: down

    State       eigenvalue  occ.number       total         l=0         l=1         l=2         l=3

k point number:     1: (   0.00000000   0.00000000   0.00000000 ); weight:   1.00000000

        1      -7054.18994   1.0000000     1.00000     1.00000     0.00000     0.00000    -0.00000
        2       -817.80117   1.0000000     0.99992     0.99992     0.00000     0.00000    -0.00000
        3       -696.49702   1.0000000     1.00000     0.00000     1.00000     0.00000     0.00000
        4       -696.49702   1.0000000     1.00000     0.00000     1.00000     0.00000     0.00000
        5       -695.50659   1.0000000     1.00000     0.00000     1.00000     0.00000     0.00000
        6       -512.23501   1.0000000     0.00001     0.00000     0.00000     0.00001     0.00000
        7       -271.28468   1.0000000    -0.00001    -0.00002    -0.00001     0.00002     0.00000
        8        -92.38805   1.0000000     0.99599     0.99579    -0.00000     0.00020     0.00000
        9        -59.05295   1.0000000     0.99969     0.00000     0.99968     0.00000     0.00001
       10        -59.05295   1.0000000     0.99969     0.00000     0.99968     0.00000     0.00001
       11        -57.34086   1.0000000     0.99767     0.00001     0.99764     0.00002    -0.00000
       12        -27.25030   1.0000000    -0.00088    -0.00296    -0.00013     0.00219     0.00002
       13        -13.24083   1.0000000     0.08041     0.01948     0.00927     0.05095     0.00071
       14        -10.59555   1.0000000     0.25306     0.08417     0.01706     0.15102     0.00081
       15        -10.19325   1.0000000     0.04171     0.00000     0.00453     0.03620     0.00098
       16        -10.19325   1.0000000     0.04171     0.00000     0.00453     0.03620     0.00098
       17         -6.97828   1.0000000     0.99942     0.00000     0.00000     0.99941     0.00001
       18         -6.97766   1.0000000     0.99942     0.00000     0.00000     0.99941     0.00001
       19         -6.16660   1.0000000     0.86623     0.00000    -0.00007     0.86628     0.00002
       20         -6.16660   1.0000000     0.86623     0.00000    -0.00007     0.86628     0.00002
       21         -5.44135   1.0000000     0.97100     0.36143     0.00351     0.60599     0.00007
       22         -2.82248   0.0000000     0.85944     0.54263     0.18546     0.13178    -0.00044
       23         -1.78252   0.0000000     0.24754     0.00000     0.17793     0.06843     0.00118
       24         -1.78252   0.0000000     0.24754     0.00000     0.17793     0.06843     0.00118
       25          3.44547   0.0000000     0.73836     0.00000     0.52398     0.21031     0.00408
       26          3.44547   0.0000000     0.73836     0.00000     0.52398     0.21031     0.00408
       27          4.09963   0.0000000     0.14361     0.03518    -0.03555     0.14370     0.00028
       28          6.33089   0.0000000     0.95823     0.29737     0.13697     0.52203     0.00187
       29          7.28453   0.0000000     0.98749     0.00000     0.00000     0.98748     0.00001
       30          7.28466   0.0000000     0.98749     0.00000     0.00000     0.98748     0.00001
       31          7.54962   0.0000000     0.53341     0.36672    -0.00226     0.17019    -0.00124
       32          8.32409   0.0000000     0.19690     0.00000     0.00107     0.19221     0.00362

Atom number     2:


  Spin channel: up

    State       eigenvalue  occ.number       total         l=0         l=1         l=2

k point number:     1: (   0.00000000   0.00000000   0.00000000 ); weight:   1.00000000

        1      -7054.17941   1.0000000     0.00000     0.00000     0.00000     0.00000
        2       -816.65370   1.0000000     0.00001     0.00000     0.00000     0.00000
        3       -695.42948   1.0000000    -0.00000    -0.00000    -0.00000    -0.00000
        4       -695.42947   1.0000000    -0.00000    -0.00000    -0.00000    -0.00000
        5       -695.01051   1.0000000    -0.00001    -0.00001    -0.00000    -0.00000
        6       -512.29926   1.0000000    -0.00022    -0.00009    -0.00006    -0.00007
        7       -271.37164   1.0000000     1.00020     1.00020     0.00000     0.00000
        8        -89.73589   1.0000000     0.00140     0.00065     0.00027     0.00048
        9        -55.92139   1.0000000     0.00156    -0.00071     0.00119     0.00107
       10        -55.90367   1.0000000    -0.00051    -0.00000    -0.00061     0.00010
       11        -55.90367   1.0000000    -0.00051    -0.00000    -0.00061     0.00010
       12        -27.35365   1.0000000     0.27001     0.16732     0.09026     0.01243
       13        -13.37898   1.0000000     0.44366     0.39009     0.05492    -0.00135
       14        -10.53485   1.0000000     0.43271     0.14102     0.29189    -0.00021
       15        -10.35020   1.0000000     0.32834     0.00000     0.31796     0.01038
       16        -10.35020   1.0000000     0.32834     0.00000     0.31796     0.01038
       17         -5.03736   1.0000000     0.11079     0.00000     0.09299     0.01780
       18         -5.03736   1.0000000     0.11079     0.00000     0.09299     0.01780
       19         -4.22285   0.9967654    -0.02569    -0.00897    -0.01861     0.00188
       20         -4.02359   0.0017901     0.00111    -0.00000    -0.00000     0.00111
       21         -4.02124   0.0014445     0.00111    -0.00000    -0.00000     0.00111
       22         -2.27557   0.0000000     0.13285     0.11752     0.00746     0.00787
       23         -1.61614   0.0000000     0.53056     0.00000     0.52503     0.00553
       24         -1.61614   0.0000000     0.53056     0.00000     0.52503     0.00553
       25          3.91240   0.0000000     0.23651     0.00000     0.23190     0.00461
       26          3.91240   0.0000000     0.23651     0.00000     0.23190     0.00461
       27          4.18644   0.0000000     1.01148     0.13840     0.87035     0.00273
       28          6.73729   0.0000000     0.05019     0.04489     0.00833    -0.00304
       29          7.86573   0.0000000    -0.09823    -0.14163    -0.02523     0.06863
       30          7.92460   0.0000000     0.01328    -0.00000    -0.00000     0.01328
       31          7.92585   0.0000000     0.01329    -0.00000    -0.00000     0.01329
       32          8.26388   0.0000000     0.30247    -0.00000     0.30310    -0.00063

  Spin channel: down

    State       eigenvalue  occ.number       total         l=0         l=1         l=2

k point number:     1: (   0.00000000   0.00000000   0.00000000 ); weight:   1.00000000

        1      -7054.18994   1.0000000     0.00000     0.00000     0.00000     0.00000
        2       -817.80117   1.0000000     0.00008     0.00003     0.00004     0.00001
        3       -696.49702   1.0000000     0.00000     0.00000     0.00000     0.00000
        4       -696.49702   1.0000000     0.00000     0.00000     0.00000     0.00000
        5       -695.50659   1.0000000    -0.00000     0.00000    -0.00000    -0.00000
        6       -512.23501   1.0000000    -0.00023    -0.00009    -0.00007    -0.00007
        7       -271.28468   1.0000000     1.00023     1.00023     0.00000     0.00000
        8        -92.38805   1.0000000     0.00412     0.00159     0.00176     0.00077
        9        -59.05295   1.0000000     0.00030     0.00000     0.00004     0.00025
       10        -59.05295   1.0000000     0.00030    -0.00000     0.00004     0.00025
       11        -57.34086   1.0000000     0.00229     0.00003     0.00120     0.00105
       12        -27.25030   1.0000000     0.27152     0.16633     0.09236     0.01283
       13        -13.24083   1.0000000     0.42464     0.37543     0.05069    -0.00149
       14        -10.59555   1.0000000     0.38210     0.11240     0.27012    -0.00042
       15        -10.19325   1.0000000     0.32327     0.00000     0.31264     0.01063
       16        -10.19325   1.0000000     0.32327     0.00000     0.31264     0.01063
       17         -6.97828   1.0000000     0.00057     0.00000     0.00000     0.00057
       18         -6.97766   1.0000000     0.00057     0.00000     0.00000     0.00057
       19         -6.16660   1.0000000     0.03824     0.00000     0.02452     0.01373
       20         -6.16660   1.0000000     0.03824     0.00000     0.02452     0.01373
       21         -5.44135   1.0000000     0.02683     0.02753    -0.00436     0.00366
       22         -2.82248   0.0000000     0.12376     0.11075     0.00758     0.00543
       23         -1.78252   0.0000000     0.57706     0.00000     0.56845     0.00861
       24         -1.78252   0.0000000     0.57706     0.00000     0.56845     0.00861
       25          3.44547   0.0000000     0.21854     0.00000     0.21527     0.00328
       26          3.44547   0.0000000     0.21854     0.00000     0.21527     0.00328
       27          4.09963   0.0000000     0.95854     0.12873     0.82618     0.00363
       28          6.33089   0.0000000     0.05579     0.04911     0.01020    -0.00352
       29          7.28453   0.0000000     0.01220    -0.00000     0.00000     0.01220
       30          7.28466   0.0000000     0.01220    -0.00000     0.00000     0.01220
       31          7.54962   0.0000000    -0.09141    -0.12950    -0.01769     0.05578
       32          8.32409   0.0000000     0.31470     0.00000     0.31480    -0.00009

Atom number     3:


  Spin channel: up

    State       eigenvalue  occ.number       total         l=0         l=1         l=2

k point number:     1: (   0.00000000   0.00000000   0.00000000 ); weight:   1.00000000

        1      -7054.17941   1.0000000    -0.00000    -0.00000    -0.00000    -0.00000
        2       -816.65370   1.0000000    -0.00000    -0.00000    -0.00000    -0.00000
        3       -695.42948   1.0000000     0.00000     0.00000     0.00000     0.00000
        4       -695.42947   1.0000000     0.00000     0.00000     0.00000     0.00000
        5       -695.01051   1.0000000     0.00000     0.00000     0.00000     0.00000
        6       -512.29926   1.0000000     1.00021     1.00021     0.00000     0.00000
        7       -271.37164   1.0000000    -0.00021    -0.00009    -0.00011    -0.00001
        8        -89.73589   1.0000000     0.00001    -0.00001     0.00001    -0.00000
        9        -55.92139   1.0000000     0.00007    -0.00001     0.00008    -0.00000
       10        -55.90367   1.0000000     0.00005     0.00000     0.00005     0.00000
       11        -55.90367   1.0000000     0.00005     0.00000     0.00005     0.00000
       12        -27.35365   1.0000000     0.73093     0.65860     0.06961     0.00272
       13        -13.37898   1.0000000     0.49695     0.18648     0.30715     0.00332
       14        -10.53485   1.0000000     0.36632     0.05434     0.31145     0.00053
       15        -10.35020   1.0000000     0.64325     0.00000     0.63693     0.00632
       16        -10.35020   1.0000000     0.64325     0.00000     0.63693     0.00632
       17         -5.03736   1.0000000     0.12629     0.00000     0.12624     0.00005
       18         -5.03736   1.0000000     0.12629    -0.00000     0.12624     0.00005
       19         -4.22285   0.9967654    -0.00284    -0.00117    -0.00168     0.00000
       20         -4.02359   0.0017901     0.00000    -0.00000    -0.00000     0.00000
       21         -4.02124   0.0014445     0.00000    -0.00000    -0.00000     0.00000
       22         -2.27557   0.0000000     0.01704     0.00278     0.01440    -0.00014
       23         -1.61614   0.0000000     0.14387    -0.00000     0.14262     0.00125
       24         -1.61614   0.0000000     0.14387    -0.00000     0.14262     0.00125
       25          3.91240   0.0000000     0.03419    -0.00000     0.02810     0.00609
       26          3.91240   0.0000000     0.03419    -0.00000     0.02810     0.00609
       27          4.18644   0.0000000    -0.09044    -0.32527     0.23711    -0.00229
       28          6.73729   0.0000000    -0.01115    -0.00889    -0.00313     0.00087
       29          7.86573   0.0000000     0.58255    -0.00527     0.59237    -0.00455
       30          7.92460   0.0000000     0.00035    -0.00000     0.00000     0.00035
       31          7.92585   0.0000000     0.00035    -0.00000     0.00000     0.00035
       32          8.26388   0.0000000     0.48868    -0.00000     0.48144     0.00724

  Spin channel: down

    State       eigenvalue  occ.number       total         l=0         l=1         l=2

k point number:     1: (   0.00000000   0.00000000   0.00000000 ); weight:   1.00000000

        1      -7054.18994   1.0000000    -0.00000    -0.00000    -0.00000    -0.00000
        2       -817.80117   1.0000000    -0.00000    -0.00000    -0.00000    -0.00000
        3       -696.49702   1.0000000    -0.00000    -0.00000    -0.00000    -0.00000
        4       -696.49702   1.0000000    -0.00000    -0.00000    -0.00000    -0.00000
        5       -695.50659   1.0000000     0.00000    -0.00000     0.00000     0.00000
        6       -512.23501   1.0000000     1.00021     1.00021     0.00000     0.00000
        7       -271.28468   1.0000000    -0.00023    -0.00009    -0.00012    -0.00001
        8        -92.38805   1.0000000    -0.00010    -0.00001    -0.00010    -0.00000
        9        -59.05295   1.0000000     0.00001     0.00000     0.00001     0.00000
       10        -59.05295   1.0000000     0.00001     0.00000     0.00001     0.00000
       11        -57.34086   1.0000000     0.00004    -0.00002     0.00007    -0.00000
       12        -27.25030   1.0000000     0.72936     0.65549     0.07099     0.00288
       13        -13.24083   1.0000000     0.49496     0.18484     0.30694     0.00317
       14        -10.59555   1.0000000     0.36483     0.05774     0.30646     0.00063
       15        -10.19325   1.0000000     0.63502     0.00000     0.62865     0.00637
       16        -10.19325   1.0000000     0.63502     0.00000     0.62865     0.00637
       17         -6.97828   1.0000000     0.00000    -0.00000     0.00000     0.00000
       18         -6.97766   1.0000000     0.00000    -0.00000     0.00000     0.00000
       19         -6.16660   1.0000000     0.09552     0.00000     0.09564    -0.00011
       20         -6.16660   1.0000000     0.09552     0.00000     0.09564    -0.00011
       21         -5.44135   1.0000000     0.00217    -0.00168     0.00388    -0.00003
       22         -2.82248   0.0000000     0.01680     0.00263     0.01435    -0.00018
       23         -1.78252   0.0000000     0.17540    -0.00000     0.17413     0.00127
       24         -1.78252   0.0000000     0.17540    -0.00000     0.17413     0.00127
       25          3.44547   0.0000000     0.04309    -0.00000     0.03718     0.00591
       26          3.44547   0.0000000     0.04309    -0.00000     0.03718     0.00591
       27          4.09963   0.0000000    -0.10215    -0.30518     0.20502    -0.00199
       28          6.33089   0.0000000    -0.01402    -0.01239    -0.00241     0.00078
       29          7.28453   0.0000000     0.00031    -0.00000     0.00000     0.00031
       30          7.28466   0.0000000     0.00031    -0.00000     0.00000     0.00031
       31          7.54962   0.0000000     0.55800    -0.02221     0.58485    -0.00463
       32          8.32409   0.0000000     0.48839    -0.00000     0.48045     0.00794
