#  aims_uuid : 7218791E-CC63-4963-A14C-63BF2EFE4ADE                                

Atom number     1:


  Spin channel: up

    State       eigenvalue  occ.number       total         l=0         l=1         l=2

k point number:     1: (   0.00000000   0.00000000   0.00000000 ); weight:   1.00000000

        1       -513.77393   1.0000000    -0.00016    -0.00004    -0.00007    -0.00005
        2       -272.21973   1.0000000     1.00045     1.00045     0.00001     0.00000
        3        -29.03466   1.0000000     0.29493     0.16421     0.11736     0.01336
        4        -14.00492   1.0000000     0.21132     0.19851     0.01413    -0.00132
        5        -11.57907   1.0000000     0.28109     0.00000     0.26279     0.01830
        6        -11.57907   1.0000000     0.28109    -0.00000     0.26279     0.01830
        7         -8.83073   1.0000000     0.88693     0.52773     0.35543     0.00377
        8         -1.95088   0.0000000     0.78103     0.00000     0.77599     0.00504
        9         -1.95088   0.0000000     0.78103     0.00000     0.77599     0.00504
       10          3.98361   0.0000000     0.92824     0.10384     0.83684    -0.01244
       11          7.34801   0.0000000     0.49682    -0.00000     0.49501     0.00181
       12          7.34801   0.0000000     0.49682    -0.00000     0.49501     0.00181
       13          9.15537   0.0000000     0.19079    -0.07185     0.17421     0.08844

  Spin channel: down

    State       eigenvalue  occ.number       total         l=0         l=1         l=2

k point number:     1: (   0.00000000   0.00000000   0.00000000 ); weight:   1.00000000

        1       -513.77393   1.0000000    -0.00016    -0.00004    -0.00007    -0.00005
        2       -272.21973   1.0000000     1.00045     1.00045     0.00001     0.00000
        3        -29.03466   1.0000000     0.29493     0.16421     0.11736     0.01336
        4        -14.00492   1.0000000     0.21132     0.19851     0.01413    -0.00132
        5        -11.57907   1.0000000     0.28109    -0.00000     0.26279     0.01830
        6        -11.57907   1.0000000     0.28109    -0.00000     0.26279     0.01830
        7         -8.83073   1.0000000     0.88693     0.52773     0.35543     0.00377
        8         -1.95088   0.0000000     0.78103     0.00000     0.77599     0.00504
        9         -1.95088   0.0000000     0.78103     0.00000     0.77599     0.00504
       10          3.98361   0.0000000     0.92824     0.10384     0.83684    -0.01244
       11          7.34801   0.0000000     0.49682    -0.00000     0.49501     0.00181
       12          7.34801   0.0000000     0.49682    -0.00000     0.49501     0.00181
       13          9.15537   0.0000000     0.19079    -0.07185     0.17421     0.08844

Atom number     2:


  Spin channel: up

    State       eigenvalue  occ.number       total         l=0         l=1         l=2

k point number:     1: (   0.00000000   0.00000000   0.00000000 ); weight:   1.00000000

        1       -513.77393   1.0000000     1.00016     1.00016     0.00000     0.00000
        2       -272.21973   1.0000000    -0.00045    -0.00022    -0.00021    -0.00002
        3        -29.03466   1.0000000     0.70507     0.63017     0.07216     0.00274
        4        -14.00492   1.0000000     0.78868     0.25021     0.53400     0.00447
        5        -11.57907   1.0000000     0.71891    -0.00000     0.71271     0.00620
        6        -11.57907   1.0000000     0.71891     0.00000     0.71271     0.00620
        7         -8.83073   1.0000000     0.11307     0.01195     0.10210    -0.00098
        8         -1.95088   0.0000000     0.21897     0.00000     0.21387     0.00510
        9         -1.95088   0.0000000     0.21897    -0.00000     0.21387     0.00510
       10          3.98361   0.0000000     0.07176    -0.25960     0.33561    -0.00425
       11          7.34801   0.0000000     0.50318     0.00000     0.49183     0.01135
       12          7.34801   0.0000000     0.50318     0.00000     0.49183     0.01135
       13          9.15537   0.0000000     0.80921     0.01318     0.79627    -0.00024

  Spin channel: down

    State       eigenvalue  occ.number       total         l=0         l=1         l=2

k point number:     1: (   0.00000000   0.00000000   0.00000000 ); weight:   1.00000000

        1       -513.77393   1.0000000     1.00016     1.00016     0.00000     0.00000
        2       -272.21973   1.0000000    -0.00045    -0.00022    -0.00021    -0.00002
        3        -29.03466   1.0000000     0.70507     0.63017     0.07216     0.00274
        4        -14.00492   1.0000000     0.78868     0.25021     0.53400     0.00447
        5        -11.57907   1.0000000     0.71891     0.00000     0.71271     0.00620
        6        -11.57907   1.0000000     0.71891    -0.00000     0.71271     0.00620
        7         -8.83073   1.0000000     0.11307     0.01195     0.10210    -0.00098
        8         -1.95088   0.0000000     0.21897    -0.00000     0.21387     0.00510
        9         -1.95088   0.0000000     0.21897     0.00000     0.21387     0.00510
       10          3.98361   0.0000000     0.07176    -0.25960     0.33561    -0.00425
       11          7.34801   0.0000000     0.50318     0.00000     0.49183     0.01135
       12          7.34801   0.0000000     0.50318     0.00000     0.49183     0.01135
       13          9.15537   0.0000000     0.80921     0.01318     0.79627    -0.00024
