      Step     Time          Energy         fmax
BFGS:    0 13:17:31        2.619811        7.7384
BFGS:    1 13:17:31        1.912906        1.3454
BFGS:    2 13:17:31        1.882033        0.4035
BFGS:    3 13:17:31        1.879275        0.0317
BFGS:    4 13:17:31        1.879253        0.0096
---------------------
  #    meV     cm^-1
---------------------
  0    6.3i     51.0i
  1    5.9i     47.6i
  2    0.0i      0.3i
  3    0.0i      0.1i
  4    0.1       0.4
  5    5.4      43.8
  6   32.1     258.9
  7  296.7    2392.7
  8  387.4    3124.9
---------------------
Zero-point energy: 0.361 eV
