Accepting clients on INET port 23662
Awaiting client
Accepted connection from ('10.212.2.135', 42222)
Driver: calculate
Driver:  status
Driver:   sendmsg 'STATUS'
Driver:   recvmsg 'READY'
Driver:  sendposdata
Driver:   sendmsg 'POSDATA'
Driver:   send 72 bytes of <class 'numpy.float64'>
Driver:   send 72 bytes of <class 'numpy.float64'>
Driver:   send 4 bytes of <class 'numpy.int32'>
Driver:   send 72 bytes of <class 'numpy.float64'>
Driver:  status
Driver:   sendmsg 'STATUS'
Driver:   recvmsg 'HAVEDATA'
Driver:  sendrecv_force
Driver:   sendmsg 'GETFORCE'
Driver:   recvmsg 'FORCEREADY'
Driver:   recv 8 bytes of <class 'numpy.float64'>
Driver:   recv 4 bytes of <class 'numpy.int32'>
Driver:   recv 72 bytes of <class 'numpy.float64'>
Driver:   recv 72 bytes of <class 'numpy.float64'>
Driver:   recv 4 bytes of <class 'numpy.int32'>
Driver: calculate
Driver:  status
Driver:   sendmsg 'STATUS'
Driver:   recvmsg 'NEEDINIT'
Driver:  sendinit
Driver:   sendmsg 'INIT'
Driver:   send 4 bytes of <class 'numpy.int32'>
Driver:   send 4 bytes of <class 'numpy.int32'>
Driver:   send 1 bytes of <class 'numpy.int8'>
Driver:  status
Driver:   sendmsg 'STATUS'
Driver:   recvmsg 'READY'
Driver:  sendposdata
Driver:   sendmsg 'POSDATA'
Driver:   send 72 bytes of <class 'numpy.float64'>
Driver:   send 72 bytes of <class 'numpy.float64'>
Driver:   send 4 bytes of <class 'numpy.int32'>
Driver:   send 72 bytes of <class 'numpy.float64'>
Driver:  status
Driver:   sendmsg 'STATUS'
Driver:   recvmsg 'HAVEDATA'
Driver:  sendrecv_force
Driver:   sendmsg 'GETFORCE'
Driver:   recvmsg 'FORCEREADY'
Driver:   recv 8 bytes of <class 'numpy.float64'>
Driver:   recv 4 bytes of <class 'numpy.int32'>
Driver:   recv 72 bytes of <class 'numpy.float64'>
Driver:   recv 72 bytes of <class 'numpy.float64'>
Driver:   recv 4 bytes of <class 'numpy.int32'>
Driver: calculate
Driver:  status
Driver:   sendmsg 'STATUS'
Driver:   recvmsg 'NEEDINIT'
Driver:  sendinit
Driver:   sendmsg 'INIT'
Driver:   send 4 bytes of <class 'numpy.int32'>
Driver:   send 4 bytes of <class 'numpy.int32'>
Driver:   send 1 bytes of <class 'numpy.int8'>
Driver:  status
Driver:   sendmsg 'STATUS'
Driver:   recvmsg 'READY'
Driver:  sendposdata
Driver:   sendmsg 'POSDATA'
Driver:   send 72 bytes of <class 'numpy.float64'>
Driver:   send 72 bytes of <class 'numpy.float64'>
Driver:   send 4 bytes of <class 'numpy.int32'>
Driver:   send 72 bytes of <class 'numpy.float64'>
Driver:  status
Driver:   sendmsg 'STATUS'
Driver:   recvmsg 'HAVEDATA'
Driver:  sendrecv_force
Driver:   sendmsg 'GETFORCE'
Driver:   recvmsg 'FORCEREADY'
Driver:   recv 8 bytes of <class 'numpy.float64'>
Driver:   recv 4 bytes of <class 'numpy.int32'>
Driver:   recv 72 bytes of <class 'numpy.float64'>
Driver:   recv 72 bytes of <class 'numpy.float64'>
Driver:   recv 4 bytes of <class 'numpy.int32'>
Driver: calculate
Driver:  status
Driver:   sendmsg 'STATUS'
Driver:   recvmsg 'NEEDINIT'
Driver:  sendinit
Driver:   sendmsg 'INIT'
Driver:   send 4 bytes of <class 'numpy.int32'>
Driver:   send 4 bytes of <class 'numpy.int32'>
Driver:   send 1 bytes of <class 'numpy.int8'>
Driver:  status
Driver:   sendmsg 'STATUS'
Driver:   recvmsg 'READY'
Driver:  sendposdata
Driver:   sendmsg 'POSDATA'
Driver:   send 72 bytes of <class 'numpy.float64'>
Driver:   send 72 bytes of <class 'numpy.float64'>
Driver:   send 4 bytes of <class 'numpy.int32'>
Driver:   send 72 bytes of <class 'numpy.float64'>
Driver:  status
Driver:   sendmsg 'STATUS'
Driver:   recvmsg 'HAVEDATA'
Driver:  sendrecv_force
Driver:   sendmsg 'GETFORCE'
Driver:   recvmsg 'FORCEREADY'
Driver:   recv 8 bytes of <class 'numpy.float64'>
Driver:   recv 4 bytes of <class 'numpy.int32'>
Driver:   recv 72 bytes of <class 'numpy.float64'>
Driver:   recv 72 bytes of <class 'numpy.float64'>
Driver:   recv 4 bytes of <class 'numpy.int32'>
Driver: calculate
Driver:  status
Driver:   sendmsg 'STATUS'
Driver:   recvmsg 'NEEDINIT'
Driver:  sendinit
Driver:   sendmsg 'INIT'
Driver:   send 4 bytes of <class 'numpy.int32'>
Driver:   send 4 bytes of <class 'numpy.int32'>
Driver:   send 1 bytes of <class 'numpy.int8'>
Driver:  status
Driver:   sendmsg 'STATUS'
Driver:   recvmsg 'READY'
Driver:  sendposdata
Driver:   sendmsg 'POSDATA'
Driver:   send 72 bytes of <class 'numpy.float64'>
Driver:   send 72 bytes of <class 'numpy.float64'>
Driver:   send 4 bytes of <class 'numpy.int32'>
Driver:   send 72 bytes of <class 'numpy.float64'>
Driver:  status
Driver:   sendmsg 'STATUS'
Driver:   recvmsg 'HAVEDATA'
Driver:  sendrecv_force
Driver:   sendmsg 'GETFORCE'
Driver:   recvmsg 'FORCEREADY'
Driver:   recv 8 bytes of <class 'numpy.float64'>
Driver:   recv 4 bytes of <class 'numpy.int32'>
Driver:   recv 72 bytes of <class 'numpy.float64'>
Driver:   recv 72 bytes of <class 'numpy.float64'>
Driver:   recv 4 bytes of <class 'numpy.int32'>
Driver: calculate
Driver:  status
Driver:   sendmsg 'STATUS'
Driver:   recvmsg 'NEEDINIT'
Driver:  sendinit
Driver:   sendmsg 'INIT'
Driver:   send 4 bytes of <class 'numpy.int32'>
Driver:   send 4 bytes of <class 'numpy.int32'>
Driver:   send 1 bytes of <class 'numpy.int8'>
Driver:  status
Driver:   sendmsg 'STATUS'
Driver:   recvmsg 'READY'
Driver:  sendposdata
Driver:   sendmsg 'POSDATA'
Driver:   send 72 bytes of <class 'numpy.float64'>
Driver:   send 72 bytes of <class 'numpy.float64'>
Driver:   send 4 bytes of <class 'numpy.int32'>
Driver:   send 72 bytes of <class 'numpy.float64'>
Driver:  status
Driver:   sendmsg 'STATUS'
Driver:   recvmsg 'HAVEDATA'
Driver:  sendrecv_force
Driver:   sendmsg 'GETFORCE'
Driver:   recvmsg 'FORCEREADY'
Driver:   recv 8 bytes of <class 'numpy.float64'>
Driver:   recv 4 bytes of <class 'numpy.int32'>
Driver:   recv 72 bytes of <class 'numpy.float64'>
Driver:   recv 72 bytes of <class 'numpy.float64'>
Driver:   recv 4 bytes of <class 'numpy.int32'>
Driver: calculate
Driver:  status
Driver:   sendmsg 'STATUS'
Driver:   recvmsg 'NEEDINIT'
Driver:  sendinit
Driver:   sendmsg 'INIT'
Driver:   send 4 bytes of <class 'numpy.int32'>
Driver:   send 4 bytes of <class 'numpy.int32'>
Driver:   send 1 bytes of <class 'numpy.int8'>
Driver:  status
Driver:   sendmsg 'STATUS'
Driver:   recvmsg 'READY'
Driver:  sendposdata
Driver:   sendmsg 'POSDATA'
Driver:   send 72 bytes of <class 'numpy.float64'>
Driver:   send 72 bytes of <class 'numpy.float64'>
Driver:   send 4 bytes of <class 'numpy.int32'>
Driver:   send 72 bytes of <class 'numpy.float64'>
Driver:  status
Driver:   sendmsg 'STATUS'
Driver:   recvmsg 'HAVEDATA'
Driver:  sendrecv_force
Driver:   sendmsg 'GETFORCE'
Driver:   recvmsg 'FORCEREADY'
Driver:   recv 8 bytes of <class 'numpy.float64'>
Driver:   recv 4 bytes of <class 'numpy.int32'>
Driver:   recv 72 bytes of <class 'numpy.float64'>
Driver:   recv 72 bytes of <class 'numpy.float64'>
Driver:   recv 4 bytes of <class 'numpy.int32'>
Driver: calculate
Driver:  status
Driver:   sendmsg 'STATUS'
Driver:   recvmsg 'NEEDINIT'
Driver:  sendinit
Driver:   sendmsg 'INIT'
Driver:   send 4 bytes of <class 'numpy.int32'>
Driver:   send 4 bytes of <class 'numpy.int32'>
Driver:   send 1 bytes of <class 'numpy.int8'>
Driver:  status
Driver:   sendmsg 'STATUS'
Driver:   recvmsg 'READY'
Driver:  sendposdata
Driver:   sendmsg 'POSDATA'
Driver:   send 72 bytes of <class 'numpy.float64'>
Driver:   send 72 bytes of <class 'numpy.float64'>
Driver:   send 4 bytes of <class 'numpy.int32'>
Driver:   send 72 bytes of <class 'numpy.float64'>
Driver:  status
Driver:   sendmsg 'STATUS'
Driver:   recvmsg 'HAVEDATA'
Driver:  sendrecv_force
Driver:   sendmsg 'GETFORCE'
Driver:   recvmsg 'FORCEREADY'
Driver:   recv 8 bytes of <class 'numpy.float64'>
Driver:   recv 4 bytes of <class 'numpy.int32'>
Driver:   recv 72 bytes of <class 'numpy.float64'>
Driver:   recv 72 bytes of <class 'numpy.float64'>
Driver:   recv 4 bytes of <class 'numpy.int32'>
Driver: calculate
Driver:  status
Driver:   sendmsg 'STATUS'
Driver:   recvmsg 'NEEDINIT'
Driver:  sendinit
Driver:   sendmsg 'INIT'
Driver:   send 4 bytes of <class 'numpy.int32'>
Driver:   send 4 bytes of <class 'numpy.int32'>
Driver:   send 1 bytes of <class 'numpy.int8'>
Driver:  status
Driver:   sendmsg 'STATUS'
Driver:   recvmsg 'READY'
Driver:  sendposdata
Driver:   sendmsg 'POSDATA'
Driver:   send 72 bytes of <class 'numpy.float64'>
Driver:   send 72 bytes of <class 'numpy.float64'>
Driver:   send 4 bytes of <class 'numpy.int32'>
Driver:   send 72 bytes of <class 'numpy.float64'>
Driver:  status
Driver:   sendmsg 'STATUS'
Driver:   recvmsg 'HAVEDATA'
Driver:  sendrecv_force
Driver:   sendmsg 'GETFORCE'
Driver:   recvmsg 'FORCEREADY'
Driver:   recv 8 bytes of <class 'numpy.float64'>
Driver:   recv 4 bytes of <class 'numpy.int32'>
Driver:   recv 72 bytes of <class 'numpy.float64'>
Driver:   recv 72 bytes of <class 'numpy.float64'>
Driver:   recv 4 bytes of <class 'numpy.int32'>
Close socket server
